Success (5):
content 5654 _a-0000e255-ca76-8000-23f0-01ef9001ef90_34552 "AMS ALL"
content 5655 _a-0000e255-ca76-8000-23f0-01ef9001ef90_34558 "AMS_GetUsername"
content 5694 _a-0000e255-ca76-8000-23f0-01ef9001ef90_34564 "AMS_VALUE"
content 5695 _a-0000e255-ca76-8000-23f0-01ef9001ef90_37023 "AMS_GetUSerDetails"
application 5604 _a-0000e255-ca76-8000-23f0-01ef9001ef90_30209 "AMS"

Trace:
2019-08-30 06:16:47.43 DEBUG application 5604 _a-0000e255-ca76-8000-23f0-01ef9001ef90_30209 Begin transport.
2019-08-30 06:16:47.43 DEBUG application 5604 _a-0000e255-ca76-8000-23f0-01ef9001ef90_30209 Retrieving object data.
2019-08-30 06:16:47.435 DEBUG application 5604 _a-0000e255-ca76-8000-23f0-01ef9001ef90_30209 App associated objects: [content=[_a-0000e255-ca76-8000-23f0-01ef9001ef90_34552, _a-0000e255-ca76-8000-23f0-01ef9001ef90_34558, _a-0000e255-ca76-8000-23f0-01ef9001ef90_34564, _a-0000e255-ca76-8000-23f0-01ef9001ef90_37023]]
2019-08-30 06:16:47.436 DEBUG application 5604 _a-0000e255-ca76-8000-23f0-01ef9001ef90_30209 Invalid associated objects: []
2019-08-30 06:16:47.436 DEBUG application 5604 _a-0000e255-ca76-8000-23f0-01ef9001ef90_30209 Adding valid associated objects to be exported: GlobalBindingMap[content={_a-0000e255-ca76-8000-23f0-01ef9001ef90_34552=5654, _a-0000e255-ca76-8000-23f0-01ef9001ef90_34558=5655, _a-0000e255-ca76-8000-23f0-01ef9001ef90_34564=5694, _a-0000e255-ca76-8000-23f0-01ef9001ef90_37023=5695}]
2019-08-30 06:16:47.437 DEBUG application 5604 _a-0000e255-ca76-8000-23f0-01ef9001ef90_30209 Setting uuids of object references.
2019-08-30 06:16:47.437 DEBUG application 5604 _a-0000e255-ca76-8000-23f0-01ef9001ef90_30209 Processing reference: Application.forum
2019-08-30 06:16:47.437 DEBUG application 5604 _a-0000e255-ca76-8000-23f0-01ef9001ef90_30209 Processing reference: Application.parent
2019-08-30 06:16:47.44 DEBUG application 5604 _a-0000e255-ca76-8000-23f0-01ef9001ef90_30209 Processing reference: com.appiancorp.suiteapi.content.ContentRoleMap@473e23d6[
  ContentRole[name=readers,inherit=false,allowForAll=false]
  ContentRole[name=authors,inherit=false,allowForAll=false]
  ContentRole[name=administrators,inherit=false,allowForAll=false]
  ContentRole[name=denyReaders,inherit=false,allowForAll=false]
  ContentRole[name=denyAuthors,inherit=false,allowForAll=false]
  ContentRole[name=denyAdministrators,inherit=false,allowForAll=false]
  securityVector=1:SEC_PUBLIC=true,SEC_CREATOR_ADMIN=false,SEC_INH_ADMIN=false,SEC_INH_EDITOR=false,SEC_INH_VIEWER=false,SEC_ALL_ADMIN=false,SEC_ALL_EDITOR=false,SEC_ALL_VIEWER=false
]
2019-08-30 06:16:47.44 DEBUG application 5604 _a-0000e255-ca76-8000-23f0-01ef9001ef90_30209 Processing reference: ContentRole[name=readers,inherit=false,allowForAll=false]
2019-08-30 06:16:47.44 DEBUG application 5604 _a-0000e255-ca76-8000-23f0-01ef9001ef90_30209 Processing reference: ContentRole[name=authors,inherit=false,allowForAll=false]
2019-08-30 06:16:47.44 DEBUG application 5604 _a-0000e255-ca76-8000-23f0-01ef9001ef90_30209 Processing reference: ContentRole[name=administrators,inherit=false,allowForAll=false]
2019-08-30 06:16:47.44 DEBUG application 5604 _a-0000e255-ca76-8000-23f0-01ef9001ef90_30209 Processing reference: ContentRole[name=denyReaders,inherit=false,allowForAll=false]
2019-08-30 06:16:47.44 DEBUG application 5604 _a-0000e255-ca76-8000-23f0-01ef9001ef90_30209 Processing reference: ContentRole[name=denyAuthors,inherit=false,allowForAll=false]
2019-08-30 06:16:47.44 DEBUG application 5604 _a-0000e255-ca76-8000-23f0-01ef9001ef90_30209 Processing reference: ContentRole[name=denyAdministrators,inherit=false,allowForAll=false]
2019-08-30 06:16:47.442 DEBUG content 5654 _a-0000e255-ca76-8000-23f0-01ef9001ef90_34552 Begin transport.
2019-08-30 06:16:47.442 DEBUG content 5654 _a-0000e255-ca76-8000-23f0-01ef9001ef90_34552 Retrieving object data.
2019-08-30 06:16:47.451 DEBUG content 5654 _a-0000e255-ca76-8000-23f0-01ef9001ef90_34552 Setting uuids of object references.
2019-08-30 06:16:47.451 DEBUG content 5654 _a-0000e255-ca76-8000-23f0-01ef9001ef90_34552 Processing reference: RulesFolder.forum
2019-08-30 06:16:47.451 DEBUG content 5654 _a-0000e255-ca76-8000-23f0-01ef9001ef90_34552 Processing reference: RulesFolder.parent
2019-08-30 06:16:47.454 DEBUG content 5654 _a-0000e255-ca76-8000-23f0-01ef9001ef90_34552 Processing reference: com.appiancorp.suiteapi.content.ContentRoleMap@65977047[
  ContentRole[name=readers,inherit=false,allowForAll=false]
  ContentRole[name=authors,inherit=false,allowForAll=false]
  ContentRole[name=administrators,inherit=false,allowForAll=false]
  ContentRole[name=denyReaders,inherit=false,allowForAll=false]
  ContentRole[name=denyAuthors,inherit=false,allowForAll=false]
  ContentRole[name=denyAdministrators,inherit=false,allowForAll=false]
  securityVector=1:SEC_PUBLIC=true,SEC_CREATOR_ADMIN=false,SEC_INH_ADMIN=false,SEC_INH_EDITOR=false,SEC_INH_VIEWER=false,SEC_ALL_ADMIN=false,SEC_ALL_EDITOR=false,SEC_ALL_VIEWER=false
]
2019-08-30 06:16:47.454 DEBUG content 5654 _a-0000e255-ca76-8000-23f0-01ef9001ef90_34552 Processing reference: ContentRole[name=readers,inherit=false,allowForAll=false]
2019-08-30 06:16:47.454 DEBUG content 5654 _a-0000e255-ca76-8000-23f0-01ef9001ef90_34552 Processing reference: ContentRole[name=authors,inherit=false,allowForAll=false]
2019-08-30 06:16:47.454 DEBUG content 5654 _a-0000e255-ca76-8000-23f0-01ef9001ef90_34552 Processing reference: ContentRole[name=administrators,inherit=false,allowForAll=false]
2019-08-30 06:16:47.454 DEBUG content 5654 _a-0000e255-ca76-8000-23f0-01ef9001ef90_34552 Processing reference: ContentRole[name=denyReaders,inherit=false,allowForAll=false]
2019-08-30 06:16:47.454 DEBUG content 5654 _a-0000e255-ca76-8000-23f0-01ef9001ef90_34552 Processing reference: ContentRole[name=denyAuthors,inherit=false,allowForAll=false]
2019-08-30 06:16:47.454 DEBUG content 5654 _a-0000e255-ca76-8000-23f0-01ef9001ef90_34552 Processing reference: ContentRole[name=denyAdministrators,inherit=false,allowForAll=false]
2019-08-30 06:16:47.455 DEBUG content 5654 _a-0000e255-ca76-8000-23f0-01ef9001ef90_34552 Completing produce.
2019-08-30 06:16:47.455 DEBUG content 5654 _a-0000e255-ca76-8000-23f0-01ef9001ef90_34552 Exporting binary resources.
2019-08-30 06:16:47.455 DEBUG content 5654 _a-0000e255-ca76-8000-23f0-01ef9001ef90_34552 Serializing object to XML.
2019-08-30 06:16:47.455 DEBUG content 5654 _a-0000e255-ca76-8000-23f0-01ef9001ef90_34552 Object transported.
2019-08-30 06:16:47.455 DEBUG content 5655 _a-0000e255-ca76-8000-23f0-01ef9001ef90_34558 Begin transport.
2019-08-30 06:16:47.455 DEBUG content 5655 _a-0000e255-ca76-8000-23f0-01ef9001ef90_34558 Retrieving object data.
2019-08-30 06:16:47.465 DEBUG content 5655 _a-0000e255-ca76-8000-23f0-01ef9001ef90_34558 Setting uuids of object references.
2019-08-30 06:16:47.465 DEBUG content 5655 _a-0000e255-ca76-8000-23f0-01ef9001ef90_34558 Processing reference: [Content:id=5655,versionId=-1,name=AMS_GetUsername,type=32,subtype=1,uuid=_a-0000e255-ca76-8000-23f0-01ef9001ef90_34558,parent=5654]
2019-08-30 06:16:47.466 DEBUG content 5655 _a-0000e255-ca76-8000-23f0-01ef9001ef90_34558 Processing reference: FreeformRule.forum
2019-08-30 06:16:47.466 DEBUG content 5655 _a-0000e255-ca76-8000-23f0-01ef9001ef90_34558 Processing reference: FreeformRule.parent
2019-08-30 06:16:47.469 DEBUG content 5655 _a-0000e255-ca76-8000-23f0-01ef9001ef90_34558 Processing reference: com.appiancorp.suiteapi.content.ContentRoleMap@704e8e5d[
  ContentRole[name=readers,inherit=true,allowForAll=false]
  ContentRole[name=authors,inherit=true,allowForAll=false]
  ContentRole[name=administrators,inherit=true,allowForAll=false]
  ContentRole[name=denyReaders,inherit=false,allowForAll=false]
  ContentRole[name=denyAuthors,inherit=false,allowForAll=false]
  ContentRole[name=denyAdministrators,inherit=false,allowForAll=false]
  securityVector=15:SEC_PUBLIC=true,SEC_CREATOR_ADMIN=false,SEC_INH_ADMIN=true,SEC_INH_EDITOR=true,SEC_INH_VIEWER=true,SEC_ALL_ADMIN=false,SEC_ALL_EDITOR=false,SEC_ALL_VIEWER=false
]
2019-08-30 06:16:47.469 DEBUG content 5655 _a-0000e255-ca76-8000-23f0-01ef9001ef90_34558 Processing reference: ContentRole[name=readers,inherit=true,allowForAll=false]
2019-08-30 06:16:47.469 DEBUG content 5655 _a-0000e255-ca76-8000-23f0-01ef9001ef90_34558 Processing reference: ContentRole[name=authors,inherit=true,allowForAll=false]
2019-08-30 06:16:47.469 DEBUG content 5655 _a-0000e255-ca76-8000-23f0-01ef9001ef90_34558 Processing reference: ContentRole[name=administrators,inherit=true,allowForAll=false]
2019-08-30 06:16:47.469 DEBUG content 5655 _a-0000e255-ca76-8000-23f0-01ef9001ef90_34558 Processing reference: ContentRole[name=denyReaders,inherit=false,allowForAll=false]
2019-08-30 06:16:47.469 DEBUG content 5655 _a-0000e255-ca76-8000-23f0-01ef9001ef90_34558 Processing reference: ContentRole[name=denyAuthors,inherit=false,allowForAll=false]
2019-08-30 06:16:47.469 DEBUG content 5655 _a-0000e255-ca76-8000-23f0-01ef9001ef90_34558 Processing reference: ContentRole[name=denyAdministrators,inherit=false,allowForAll=false]
2019-08-30 06:16:47.469 DEBUG content 5655 _a-0000e255-ca76-8000-23f0-01ef9001ef90_34558 Completing produce.
2019-08-30 06:16:47.469 DEBUG content 5655 _a-0000e255-ca76-8000-23f0-01ef9001ef90_34558 Exporting binary resources.
2019-08-30 06:16:47.469 DEBUG content 5655 _a-0000e255-ca76-8000-23f0-01ef9001ef90_34558 Serializing object to XML.
2019-08-30 06:16:47.47 DEBUG content 5655 _a-0000e255-ca76-8000-23f0-01ef9001ef90_34558 Object transported.
2019-08-30 06:16:47.47 DEBUG content 5694 _a-0000e255-ca76-8000-23f0-01ef9001ef90_34564 Begin transport.
2019-08-30 06:16:47.47 DEBUG content 5694 _a-0000e255-ca76-8000-23f0-01ef9001ef90_34564 Retrieving object data.
2019-08-30 06:16:47.479 DEBUG content 5694 _a-0000e255-ca76-8000-23f0-01ef9001ef90_34564 Setting uuids of object references.
2019-08-30 06:16:47.479 DEBUG content 5694 _a-0000e255-ca76-8000-23f0-01ef9001ef90_34564 Processing reference: [Content:id=5656,versionId=-1,name=AMS_VALUE,type=32,subtype=0,uuid=_a-0000e255-ca76-8000-23f0-01ef9001ef90_34564,parent=5654]
2019-08-30 06:16:47.479 DEBUG content 5694 _a-0000e255-ca76-8000-23f0-01ef9001ef90_34564 Processing reference: Constant.forum
2019-08-30 06:16:47.479 DEBUG content 5694 _a-0000e255-ca76-8000-23f0-01ef9001ef90_34564 Processing reference: Constant.parent
2019-08-30 06:16:47.482 DEBUG content 5694 _a-0000e255-ca76-8000-23f0-01ef9001ef90_34564 Processing reference: com.appiancorp.suiteapi.content.ContentRoleMap@59fd1568[
  ContentRole[name=readers,inherit=true,allowForAll=false]
  ContentRole[name=authors,inherit=true,allowForAll=false]
  ContentRole[name=administrators,inherit=true,allowForAll=false]
  ContentRole[name=denyReaders,inherit=false,allowForAll=false]
  ContentRole[name=denyAuthors,inherit=false,allowForAll=false]
  ContentRole[name=denyAdministrators,inherit=false,allowForAll=false]
  securityVector=15:SEC_PUBLIC=true,SEC_CREATOR_ADMIN=false,SEC_INH_ADMIN=true,SEC_INH_EDITOR=true,SEC_INH_VIEWER=true,SEC_ALL_ADMIN=false,SEC_ALL_EDITOR=false,SEC_ALL_VIEWER=false
]
2019-08-30 06:16:47.482 DEBUG content 5694 _a-0000e255-ca76-8000-23f0-01ef9001ef90_34564 Processing reference: ContentRole[name=readers,inherit=true,allowForAll=false]
2019-08-30 06:16:47.482 DEBUG content 5694 _a-0000e255-ca76-8000-23f0-01ef9001ef90_34564 Processing reference: ContentRole[name=authors,inherit=true,allowForAll=false]
2019-08-30 06:16:47.482 DEBUG content 5694 _a-0000e255-ca76-8000-23f0-01ef9001ef90_34564 Processing reference: ContentRole[name=administrators,inherit=true,allowForAll=false]
2019-08-30 06:16:47.482 DEBUG content 5694 _a-0000e255-ca76-8000-23f0-01ef9001ef90_34564 Processing reference: ContentRole[name=denyReaders,inherit=false,allowForAll=false]
2019-08-30 06:16:47.482 DEBUG content 5694 _a-0000e255-ca76-8000-23f0-01ef9001ef90_34564 Processing reference: ContentRole[name=denyAuthors,inherit=false,allowForAll=false]
2019-08-30 06:16:47.482 DEBUG content 5694 _a-0000e255-ca76-8000-23f0-01ef9001ef90_34564 Processing reference: ContentRole[name=denyAdministrators,inherit=false,allowForAll=false]
2019-08-30 06:16:47.482 DEBUG content 5694 _a-0000e255-ca76-8000-23f0-01ef9001ef90_34564 Completing produce.
2019-08-30 06:16:47.482 DEBUG content 5694 _a-0000e255-ca76-8000-23f0-01ef9001ef90_34564 Exporting binary resources.
2019-08-30 06:16:47.482 DEBUG content 5694 _a-0000e255-ca76-8000-23f0-01ef9001ef90_34564 Serializing object to XML.
2019-08-30 06:16:47.599 DEBUG content 5694 _a-0000e255-ca76-8000-23f0-01ef9001ef90_34564 Object transported.
2019-08-30 06:16:47.599 DEBUG content 5695 _a-0000e255-ca76-8000-23f0-01ef9001ef90_37023 Begin transport.
2019-08-30 06:16:47.599 DEBUG content 5695 _a-0000e255-ca76-8000-23f0-01ef9001ef90_37023 Retrieving object data.
2019-08-30 06:16:47.61 DEBUG content 5695 _a-0000e255-ca76-8000-23f0-01ef9001ef90_37023 Setting uuids of object references.
2019-08-30 06:16:47.61 DEBUG content 5695 _a-0000e255-ca76-8000-23f0-01ef9001ef90_37023 Processing reference: [Content:id=5657,versionId=-1,name=AMS_GetUSerDetails,type=32,subtype=6,uuid=_a-0000e255-ca76-8000-23f0-01ef9001ef90_37023,parent=5654]
2019-08-30 06:16:47.625 DEBUG content 5695 _a-0000e255-ca76-8000-23f0-01ef9001ef90_37023 Processing reference: Interface.forum
2019-08-30 06:16:47.625 DEBUG content 5695 _a-0000e255-ca76-8000-23f0-01ef9001ef90_37023 Processing reference: Interface.parent
2019-08-30 06:16:47.628 DEBUG content 5695 _a-0000e255-ca76-8000-23f0-01ef9001ef90_37023 Processing reference: com.appiancorp.suiteapi.content.ContentRoleMap@30b030b7[
  ContentRole[name=readers,inherit=true,allowForAll=false]
  ContentRole[name=authors,inherit=true,allowForAll=false]
  ContentRole[name=administrators,inherit=true,allowForAll=false]
  ContentRole[name=denyReaders,inherit=false,allowForAll=false]
  ContentRole[name=denyAuthors,inherit=false,allowForAll=false]
  ContentRole[name=denyAdministrators,inherit=false,allowForAll=false]
  securityVector=15:SEC_PUBLIC=true,SEC_CREATOR_ADMIN=false,SEC_INH_ADMIN=true,SEC_INH_EDITOR=true,SEC_INH_VIEWER=true,SEC_ALL_ADMIN=false,SEC_ALL_EDITOR=false,SEC_ALL_VIEWER=false
]
2019-08-30 06:16:47.629 DEBUG content 5695 _a-0000e255-ca76-8000-23f0-01ef9001ef90_37023 Processing reference: ContentRole[name=readers,inherit=true,allowForAll=false]
2019-08-30 06:16:47.629 DEBUG content 5695 _a-0000e255-ca76-8000-23f0-01ef9001ef90_37023 Processing reference: ContentRole[name=authors,inherit=true,allowForAll=false]
2019-08-30 06:16:47.629 DEBUG content 5695 _a-0000e255-ca76-8000-23f0-01ef9001ef90_37023 Processing reference: ContentRole[name=administrators,inherit=true,allowForAll=false]
2019-08-30 06:16:47.629 DEBUG content 5695 _a-0000e255-ca76-8000-23f0-01ef9001ef90_37023 Processing reference: ContentRole[name=denyReaders,inherit=false,allowForAll=false]
2019-08-30 06:16:47.629 DEBUG content 5695 _a-0000e255-ca76-8000-23f0-01ef9001ef90_37023 Processing reference: ContentRole[name=denyAuthors,inherit=false,allowForAll=false]
2019-08-30 06:16:47.629 DEBUG content 5695 _a-0000e255-ca76-8000-23f0-01ef9001ef90_37023 Processing reference: ContentRole[name=denyAdministrators,inherit=false,allowForAll=false]
2019-08-30 06:16:47.629 DEBUG content 5695 _a-0000e255-ca76-8000-23f0-01ef9001ef90_37023 Completing produce.
2019-08-30 06:16:47.629 DEBUG content 5695 _a-0000e255-ca76-8000-23f0-01ef9001ef90_37023 Exporting binary resources.
2019-08-30 06:16:47.629 DEBUG content 5695 _a-0000e255-ca76-8000-23f0-01ef9001ef90_37023 Serializing object to XML.
2019-08-30 06:16:47.631 DEBUG content 5695 _a-0000e255-ca76-8000-23f0-01ef9001ef90_37023 Object transported.
2019-08-30 06:16:47.631 DEBUG application 5604 _a-0000e255-ca76-8000-23f0-01ef9001ef90_30209 Completing produce.
2019-08-30 06:16:47.631 DEBUG application 5604 _a-0000e255-ca76-8000-23f0-01ef9001ef90_30209 Exporting binary resources.
2019-08-30 06:16:47.631 DEBUG application 5604 _a-0000e255-ca76-8000-23f0-01ef9001ef90_30209 Serializing object to XML.
2019-08-30 06:16:47.634 DEBUG application 5604 _a-0000e255-ca76-8000-23f0-01ef9001ef90_30209 Object transported.
